<?xml version="1.0" encoding="UTF-8"?>
<!-- Generated by org.testng.reporters.JUnitXMLReporter -->
<testsuite ignored="0" hostname="AslamBasha" failures="0" tests="2" name="Make my Trip Assignments" time="31.523" errors="0" timestamp="2023-05-11T06:51:09 IST">
  <testcase classname="SeleniumWebdriver.Assignment.MakeMyTripLogoTest" name="verifyLogoPresent" time="11.625"/>
  <testcase classname="SeleniumWebdriver.Assignment.MakeMyTripSearchFlights" name="searchFlights" time="13.304"/>
</testsuite> <!-- Make my Trip Assignments -->
