<?xml version="1.0" encoding="UTF-8"?>
<testng-results ignored="2" total="4" passed="2" failed="0" skipped="0">
  <reporter-output>
  </reporter-output>
  <suite started-at="2023-05-11T07:43:35 IST" name="MakeMyTrip Test Suite" finished-at="2023-05-11T07:44:11 IST" duration-ms="35929">
    <groups>
    </groups>
    <test started-at="2023-05-11T07:43:35 IST" name="Verify Logo on Firefox" finished-at="2023-05-11T07:43:47 IST" duration-ms="12198">
      <class name="SeleniumWebdriver.Assignment.MakeMyTripTest">
        <test-method is-config="true" signature="setUp(java.lang.String)[pri:0, instance:SeleniumWebdriver.Assignment.MakeMyTripTest@212b5695]" started-at="2023-05-11T07:43:35 IST" name="setUp" finished-at="2023-05-11T07:43:46 IST" duration-ms="10839" status="PASS">
          <params>
            <param index="0">
              <value>
                <![CDATA[firefox]]>
              </value>
            </param>
          </params>
          <reporter-output>
          </reporter-output>
        </test-method> <!-- setUp -->
        <test-method signature="verifyLogoPresent()[pri:0, instance:SeleniumWebdriver.Assignment.MakeMyTripTest@212b5695]" started-at="2023-05-11T07:43:46 IST" name="verifyLogoPresent" finished-at="2023-05-11T07:43:46 IST" duration-ms="100" status="PASS">
          <reporter-output>
          </reporter-output>
        </test-method> <!-- verifyLogoPresent -->
        <test-method is-config="true" signature="tearDown()[pri:0, instance:SeleniumWebdriver.Assignment.MakeMyTripTest@212b5695]" started-at="2023-05-11T07:43:46 IST" name="tearDown" finished-at="2023-05-11T07:43:47 IST" duration-ms="1240" status="PASS">
          <reporter-output>
          </reporter-output>
        </test-method> <!-- tearDown -->
      </class> <!-- SeleniumWebdriver.Assignment.MakeMyTripTest -->
    </test> <!-- Verify Logo on Firefox -->
    <test started-at="2023-05-11T07:43:47 IST" name="Search Flights on Chrome" finished-at="2023-05-11T07:44:11 IST" duration-ms="23682">
      <class name="SeleniumWebdriver.Assignment.MakeMyTripTest">
        <test-method is-config="true" signature="setUp(java.lang.String)[pri:0, instance:SeleniumWebdriver.Assignment.MakeMyTripTest@342c38f8]" started-at="2023-05-11T07:43:47 IST" name="setUp" finished-at="2023-05-11T07:43:54 IST" duration-ms="6444" status="PASS">
          <params>
            <param index="0">
              <value>
                <![CDATA[chrome]]>
              </value>
            </param>
          </params>
          <reporter-output>
          </reporter-output>
        </test-method> <!-- setUp -->
        <test-method signature="searchFlights()[pri:0, instance:SeleniumWebdriver.Assignment.MakeMyTripTest@342c38f8]" started-at="2023-05-11T07:43:54 IST" name="searchFlights" finished-at="2023-05-11T07:44:10 IST" duration-ms="16447" status="PASS">
          <reporter-output>
          </reporter-output>
        </test-method> <!-- searchFlights -->
        <test-method is-config="true" signature="tearDown()[pri:0, instance:SeleniumWebdriver.Assignment.MakeMyTripTest@342c38f8]" started-at="2023-05-11T07:44:10 IST" name="tearDown" finished-at="2023-05-11T07:44:11 IST" duration-ms="789" status="PASS">
          <reporter-output>
          </reporter-output>
        </test-method> <!-- tearDown -->
      </class> <!-- SeleniumWebdriver.Assignment.MakeMyTripTest -->
    </test> <!-- Search Flights on Chrome -->
  </suite> <!-- MakeMyTrip Test Suite -->
</testng-results>
