<?xml version="1.0" encoding="UTF-8"?>
<testng-results ignored="2" total="4" passed="2" failed="0" skipped="0">
  <reporter-output>
  </reporter-output>
  <suite started-at="2023-05-11T07:16:17 IST" name="MakeMyTrip Test Suite" finished-at="2023-05-11T07:16:40 IST" duration-ms="23046">
    <groups>
    </groups>
    <test started-at="2023-05-11T07:16:17 IST" name="Verify Logo on Firefox" finished-at="2023-05-11T07:16:24 IST" duration-ms="7210">
      <class name="SeleniumWebdriver.Assignment.MakeMyTripTest">
        <test-method is-config="true" signature="setUp(java.lang.String)[pri:0, instance:SeleniumWebdriver.Assignment.MakeMyTripTest@18d87d80]" started-at="2023-05-11T07:16:17 IST" name="setUp" finished-at="2023-05-11T07:16:23 IST" duration-ms="6106" status="PASS">
          <params>
            <param index="0">
              <value>
                <![CDATA[firefox]]>
              </value>
            </param>
          </params>
          <reporter-output>
          </reporter-output>
        </test-method> <!-- setUp -->
        <test-method signature="verifyLogoPresent()[pri:0, instance:SeleniumWebdriver.Assignment.MakeMyTripTest@18d87d80]" started-at="2023-05-11T07:16:23 IST" name="verifyLogoPresent" finished-at="2023-05-11T07:16:23 IST" duration-ms="99" status="PASS">
          <reporter-output>
          </reporter-output>
        </test-method> <!-- verifyLogoPresent -->
        <test-method is-config="true" signature="tearDown()[pri:0, instance:SeleniumWebdriver.Assignment.MakeMyTripTest@18d87d80]" started-at="2023-05-11T07:16:23 IST" name="tearDown" finished-at="2023-05-11T07:16:24 IST" duration-ms="969" status="PASS">
          <reporter-output>
          </reporter-output>
        </test-method> <!-- tearDown -->
      </class> <!-- SeleniumWebdriver.Assignment.MakeMyTripTest -->
    </test> <!-- Verify Logo on Firefox -->
    <test started-at="2023-05-11T07:16:25 IST" name="Search Flights on Chrome" finished-at="2023-05-11T07:16:40 IST" duration-ms="15777">
      <class name="SeleniumWebdriver.Assignment.MakeMyTripTest">
        <test-method is-config="true" signature="setUp(java.lang.String)[pri:0, instance:SeleniumWebdriver.Assignment.MakeMyTripTest@25641d39]" started-at="2023-05-11T07:16:25 IST" name="setUp" finished-at="2023-05-11T07:16:29 IST" duration-ms="4509" status="PASS">
          <params>
            <param index="0">
              <value>
                <![CDATA[chrome]]>
              </value>
            </param>
          </params>
          <reporter-output>
          </reporter-output>
        </test-method> <!-- setUp -->
        <test-method signature="searchFlights()[pri:0, instance:SeleniumWebdriver.Assignment.MakeMyTripTest@25641d39]" started-at="2023-05-11T07:16:29 IST" name="searchFlights" finished-at="2023-05-11T07:16:40 IST" duration-ms="10895" status="PASS">
          <reporter-output>
          </reporter-output>
        </test-method> <!-- searchFlights -->
        <test-method is-config="true" signature="tearDown()[pri:0, instance:SeleniumWebdriver.Assignment.MakeMyTripTest@25641d39]" started-at="2023-05-11T07:16:40 IST" name="tearDown" finished-at="2023-05-11T07:16:40 IST" duration-ms="372" status="PASS">
          <reporter-output>
          </reporter-output>
        </test-method> <!-- tearDown -->
      </class> <!-- SeleniumWebdriver.Assignment.MakeMyTripTest -->
    </test> <!-- Search Flights on Chrome -->
  </suite> <!-- MakeMyTrip Test Suite -->
</testng-results>
