<?xml version="1.0" encoding="UTF-8"?>
<!-- Generated by org.testng.reporters.JUnitXMLReporter -->
<testsuite ignored="1" hostname="AslamBasha" failures="0" tests="1" name="Search Flights on Chrome" time="15.777" errors="0" timestamp="2023-05-11T07:16:40 IST">
  <testcase classname="SeleniumWebdriver.Assignment.MakeMyTripTest" name="searchFlights" time="10.895"/>
  <testcase classname="SeleniumWebdriver.Assignment.MakeMyTripTest" name="verifyLogoPresent" time="0.0">
    <ignored/>
  </testcase> <!-- verifyLogoPresent -->
</testsuite> <!-- Search Flights on Chrome -->
